2021-10-07 14:06:06.068  INFO 2815 --- [main] o.c.service.CeylonApplication            : Starting CeylonApplication on Apples-MacBook-Air.local with PID 2815 (/Users/apple/Downloads/service-master/target/classes started by apple in /Users/apple/Downloads/service-master)
2021-10-07 14:06:06.080  INFO 2815 --- [main] o.c.service.CeylonApplication            : No active profile set, falling back to default profiles: default
2021-10-07 14:06:07.655  INFO 2815 --- [main] .s.d.r.c.RepositoryConfigurationDelegate : Bootstrapping Spring Data repositories in DEFAULT mode.
2021-10-07 14:06:07.863  INFO 2815 --- [main] .s.d.r.c.RepositoryConfigurationDelegate : Finished Spring Data repository scanning in 185ms. Found 16 repository interfaces.
2021-10-07 14:06:08.635  INFO 2815 --- [main] trationDelegate$BeanPostProcessorChecker : Bean 'org.springframework.transaction.annotation.ProxyTransactionManagementConfiguration' of type [org.springframework.transaction.annotation.ProxyTransactionManagementConfiguration$$EnhancerBySpringCGLIB$$736d1120] is not eligible for getting processed by all BeanPostProcessors (for example: not eligible for auto-proxying)
2021-10-07 14:06:08.684  INFO 2815 --- [main] trationDelegate$BeanPostProcessorChecker : Bean 'org.springframework.hateoas.config.HateoasConfiguration' of type [org.springframework.hateoas.config.HateoasConfiguration$$EnhancerBySpringCGLIB$$f2ed5e52] is not eligible for getting processed by all BeanPostProcessors (for example: not eligible for auto-proxying)
2021-10-07 14:06:09.261  INFO 2815 --- [main] o.s.b.w.embedded.tomcat.TomcatWebServer  : Tomcat initialized with port(s): 8080 (http)
2021-10-07 14:06:09.329  INFO 2815 --- [main] o.apache.catalina.core.StandardService   : Starting service [Tomcat]
2021-10-07 14:06:09.330  INFO 2815 --- [main] org.apache.catalina.core.StandardEngine  : Starting Servlet engine: [Apache Tomcat/9.0.19]
2021-10-07 14:06:09.568  INFO 2815 --- [main] o.a.c.c.C.[Tomcat].[localhost].[/]       : Initializing Spring embedded WebApplicationContext
2021-10-07 14:06:09.568  INFO 2815 --- [main] o.s.web.context.ContextLoader            : Root WebApplicationContext: initialization completed in 3399 ms
2021-10-07 14:06:10.135  INFO 2815 --- [main] com.zaxxer.hikari.HikariDataSource       : HikariPool-1 - Starting...
2021-10-07 14:06:10.880  INFO 2815 --- [main] com.zaxxer.hikari.HikariDataSource       : HikariPool-1 - Start completed.
2021-10-07 14:06:11.031  INFO 2815 --- [main] o.hibernate.jpa.internal.util.LogHelper  : HHH000204: Processing PersistenceUnitInfo [
	name: default
	...]
2021-10-07 14:06:11.286  INFO 2815 --- [main] org.hibernate.Version                    : HHH000412: Hibernate Core {5.3.10.Final}
2021-10-07 14:06:11.289  INFO 2815 --- [main] org.hibernate.cfg.Environment            : HHH000206: hibernate.properties not found
2021-10-07 14:06:11.876  INFO 2815 --- [main] o.hibernate.annotations.common.Version   : HCANN000001: Hibernate Commons Annotations {5.0.4.Final}
2021-10-07 14:06:12.400  INFO 2815 --- [main] org.hibernate.dialect.Dialect            : HHH000400: Using dialect: org.hibernate.dialect.PostgreSQL95Dialect
2021-10-07 14:06:27.904  INFO 2815 --- [main] o.h.e.j.e.i.LobCreatorBuilderImpl        : HHH000421: Disabling contextual LOB creation as hibernate.jdbc.lob.non_contextual_creation is true
2021-10-07 14:06:27.916  INFO 2815 --- [main] org.hibernate.type.BasicTypeRegistry     : HHH000270: Type registration [java.util.UUID] overrides previous : org.hibernate.type.UUIDBinaryType@707e4fe4
2021-10-07 14:06:32.617  INFO 2815 --- [main] j.LocalContainerEntityManagerFactoryBean : Initialized JPA EntityManagerFactory for persistence unit 'default'
2021-10-07 14:06:34.910  INFO 2815 --- [main] o.s.s.concurrent.ThreadPoolTaskExecutor  : Initializing ExecutorService 'applicationTaskExecutor'
2021-10-07 14:06:35.040  WARN 2815 --- [main] aWebConfiguration$JpaWebMvcConfiguration : spring.jpa.open-in-view is enabled by default. Therefore, database queries may be performed during view rendering. Explicitly configure spring.jpa.open-in-view to disable this warning
2021-10-07 14:06:35.371  INFO 2815 --- [main] o.s.b.a.w.s.WelcomePageHandlerMapping    : Adding welcome page template: index
2021-10-07 14:06:35.723  INFO 2815 --- [main] o.s.b.w.embedded.tomcat.TomcatWebServer  : Tomcat started on port(s): 8080 (http) with context path ''
2021-10-07 14:06:35.726  INFO 2815 --- [main] o.c.service.CeylonApplication            : Started CeylonApplication in 45.864 seconds (JVM running for 54.169)
2021-10-07 14:06:43.392  INFO 2815 --- [http-nio-8080-exec-1] o.a.c.c.C.[Tomcat].[localhost].[/]       : Initializing Spring DispatcherServlet 'dispatcherServlet'
2021-10-07 14:06:43.396  INFO 2815 --- [http-nio-8080-exec-1] o.s.web.servlet.DispatcherServlet        : Initializing Servlet 'dispatcherServlet'
2021-10-07 14:06:43.511  INFO 2815 --- [http-nio-8080-exec-1] o.s.web.servlet.DispatcherServlet        : Completed initialization in 115 ms
2021-10-07 14:06:47.267  INFO 2815 --- [http-nio-8080-exec-10] o.h.h.i.QueryTranslatorFactoryInitiator  : HHH000397: Using ASTQueryTranslatorFactory
2021-10-07 14:15:21.592  WARN 2815 --- [http-nio-8080-exec-10] com.zaxxer.hikari.pool.PoolBase          : HikariPool-1 - Failed to validate connection org.postgresql.jdbc.PgConnection@5586ac8c (This connection has been closed.). Possibly consider using a shorter maxLifetime value.
2021-10-07 14:15:21.601  WARN 2815 --- [http-nio-8080-exec-10] com.zaxxer.hikari.pool.PoolBase          : HikariPool-1 - Failed to validate connection org.postgresql.jdbc.PgConnection@63906852 (This connection has been closed.). Possibly consider using a shorter maxLifetime value.
2021-10-07 14:15:21.604  WARN 2815 --- [http-nio-8080-exec-10] com.zaxxer.hikari.pool.PoolBase          : HikariPool-1 - Failed to validate connection org.postgresql.jdbc.PgConnection@3924a60 (This connection has been closed.). Possibly consider using a shorter maxLifetime value.
2021-10-07 14:15:21.606  WARN 2815 --- [http-nio-8080-exec-10] com.zaxxer.hikari.pool.PoolBase          : HikariPool-1 - Failed to validate connection org.postgresql.jdbc.PgConnection@76bdab3c (This connection has been closed.). Possibly consider using a shorter maxLifetime value.
2021-10-07 14:15:21.608  WARN 2815 --- [http-nio-8080-exec-10] com.zaxxer.hikari.pool.PoolBase          : HikariPool-1 - Failed to validate connection org.postgresql.jdbc.PgConnection@4d58f4db (This connection has been closed.). Possibly consider using a shorter maxLifetime value.
2021-10-07 14:15:21.610  WARN 2815 --- [http-nio-8080-exec-10] com.zaxxer.hikari.pool.PoolBase          : HikariPool-1 - Failed to validate connection org.postgresql.jdbc.PgConnection@2d6ac7da (This connection has been closed.). Possibly consider using a shorter maxLifetime value.
2021-10-07 14:15:21.612  WARN 2815 --- [http-nio-8080-exec-10] com.zaxxer.hikari.pool.PoolBase          : HikariPool-1 - Failed to validate connection org.postgresql.jdbc.PgConnection@3cba495d (This connection has been closed.). Possibly consider using a shorter maxLifetime value.
2021-10-07 14:15:21.618  WARN 2815 --- [http-nio-8080-exec-10] com.zaxxer.hikari.pool.PoolBase          : HikariPool-1 - Failed to validate connection org.postgresql.jdbc.PgConnection@27c5e1bd (This connection has been closed.). Possibly consider using a shorter maxLifetime value.
2021-10-07 14:15:21.621  WARN 2815 --- [http-nio-8080-exec-10] com.zaxxer.hikari.pool.PoolBase          : HikariPool-1 - Failed to validate connection org.postgresql.jdbc.PgConnection@2d3127b2 (This connection has been closed.). Possibly consider using a shorter maxLifetime value.
2021-10-07 14:15:21.623  WARN 2815 --- [http-nio-8080-exec-10] com.zaxxer.hikari.pool.PoolBase          : HikariPool-1 - Failed to validate connection org.postgresql.jdbc.PgConnection@561e71d9 (This connection has been closed.). Possibly consider using a shorter maxLifetime value.
